# Logfile created on 2014-06-14 16:00:28 +0900 by logger.rb/31641
I, [2014-06-14T16:00:28.941419 #95124]  INFO -- : 2014.06.12 update.
I, [2014-06-14T16:00:28.941657 #95124]  INFO -- : 2014.06.11 update.
I, [2014-06-14T16:00:28.941736 #95124]  INFO -- : blog updated
I, [2014-06-14T16:00:29.837307 #95124]  INFO -- : tweeted
I, [2014-06-14T16:00:29.837510 #95124]  INFO -- : file close
I, [2014-06-14T16:03:31.269136 #95646]  INFO -- : 2014.06.12 update.
I, [2014-06-14T16:03:31.269358 #95646]  INFO -- : 2014.06.11 update.
I, [2014-06-14T16:03:31.269435 #95646]  INFO -- : blog updated
I, [2014-06-14T16:03:55.984502 #95753]  INFO -- : 2014.06.12 update.
I, [2014-06-14T16:03:55.984719 #95753]  INFO -- : 2014.06.11 update.
I, [2014-06-14T16:03:55.984794 #95753]  INFO -- : blog updated
I, [2014-06-14T16:04:43.295666 #95955]  INFO -- : 2014.06.12 update.
I, [2014-06-14T16:04:43.295909 #95955]  INFO -- : 2014.06.11 update.
I, [2014-06-14T16:04:43.295985 #95955]  INFO -- : blog updated
I, [2014-06-14T16:04:44.149639 #95955]  INFO -- : tweeted
I, [2014-06-14T16:04:44.149848 #95955]  INFO -- : file close
I, [2014-06-14T16:08:29.199325 #96595]  INFO -- : 2014.06.12 update.
I, [2014-06-14T16:08:47.826437 #96776]  INFO -- : 2014.06.12 update.
I, [2014-06-14T16:08:47.826662 #96776]  INFO -- : 2014.06.11 update.
2014.06.12 update.
I, [2014-06-14T16:08:47.826740 #96776]  INFO -- : blog updated
I, [2014-06-14T16:08:48.612528 #96776]  INFO -- : tweeted
